INFO:root:Starting logging...
INFO:root:starting parsing the progam arguments...
DEBUG:root:program_argv list is following:
DEBUG:root:['-D', '4', '4', '-Rand', '0.01', '-PS', '8', '8', '-sim', '10000', '-end', '12000']
INFO:root:Finished parsing program arguments
INFO:root:Command line parameters:
INFO:root:	rand: 0.01
INFO:root:	vc: False
INFO:root:	trace: False
INFO:root:	NI: False
INFO:root:	network_dime_y: 4
INFO:root:	network_dime_x: 4
INFO:root:	BR: -1
INFO:root:	lat: False
INFO:root:	PS: [8, 8]
INFO:root:	end: 12000
INFO:root:	command-line: False
INFO:root:	NI_depth: 0
INFO:root:	debug: False
INFO:root:	sim: 10000
INFO:root:Generating simulation.do
INFO:root:finished writing do file...
INFO:root:starting latency calculation...
INFO:root:Logging finished...
