INFO:root:Starting logging...
INFO:root:starting parsing the progam arguments...
DEBUG:root:program_argv list is following:
DEBUG:root:['-D', '4', '-credit_based_FC', '-FC', '-FI', '-Rand', '0.001', '-PS', '8', '8', '-sim', '10000', '-end', '11000']
INFO:root:Finished parsing program arguments
INFO:root:Command line parameters:
INFO:root:	rand: 0.001
INFO:root:	add_SHMU: False
INFO:root:	NI_Test: False
INFO:root:	network_dime: 4
INFO:root:	packet_saving: False
INFO:root:	credit_based_FC: True
INFO:root:	BR: -1
INFO:root:	PS: [8, 8]
INFO:root:	end: 11000
INFO:root:	command-line: False
INFO:root:	verilog: False
INFO:root:	sim: 10000
INFO:root:	add_parity: False
INFO:root:	trace: False
INFO:root:	lat: False
INFO:root:	packet_drop: False
INFO:root:	add_FC: True
INFO:root:	add_FI: True
INFO:root:	add_FO: False
INFO:root:	add_NI: -1
INFO:root:	debug: False
INFO:root:	add_checkers: False
INFO:root:Generating simulation.do
INFO:root:finished writing do file...
INFO:root:starting latency calculation...
