350 ns MEM 0 DATA 0
800 ns MEM 0 DATA 0
810 ns MEM 1 DATA 1
820 ns MEM 2 DATA 2
830 ns MEM 3 DATA 3
1270 ns MEM 0 DATA 0
1280 ns MEM 1 DATA 1
1290 ns MEM 2 DATA 2
1300 ns MEM 3 DATA 3
2240 ns MEM 0 DATA 0
2250 ns MEM 1 DATA 1
2260 ns MEM 2 DATA 2
2460 ns MEM 3 DATA 3
2470 ns MEM 4 DATA 4
2570 ns MEM 5 DATA 5
2580 ns MEM 6 DATA 6
3150 ns MEM 7 DATA 7
4210 ns MEM 0 DATA 0
4400 ns MEM 1 DATA 1
4410 ns MEM 2 DATA 2
4420 ns MEM 3 DATA 3
4900 ns MEM 4 DATA 4
4910 ns MEM 5 DATA 5
4920 ns MEM 6 DATA 6
4930 ns MEM 7 DATA 7
5600 ns MEM 0 DATA 0
5610 ns MEM 1 DATA 1
5620 ns MEM 2 DATA 2
5630 ns MEM 3 DATA 3
5640 ns MEM 4 DATA 4
5880 ns MEM 5 DATA 5
5890 ns MEM 6 DATA 6
5900 ns MEM 7 DATA 7
6030 ns MEM 8 DATA 8
6040 ns MEM 9 DATA 9
6050 ns MEM 10 DATA 10
6150 ns MEM 11 DATA 11
6240 ns MEM 12 DATA 12
6340 ns MEM 13 DATA 13
6350 ns MEM 14 DATA 14
6360 ns MEM 15 DATA 15
7290 ns MEM 0 DATA 0
7300 ns MEM 1 DATA 1
7310 ns MEM 2 DATA 2
7590 ns MEM 3 DATA 3
7600 ns MEM 4 DATA 4
7610 ns MEM 5 DATA 5
7620 ns MEM 6 DATA 6
7630 ns MEM 7 DATA 7
7640 ns MEM 8 DATA 8
7650 ns MEM 9 DATA 9
7660 ns MEM 10 DATA 10
7670 ns MEM 11 DATA 11
7680 ns MEM 12 DATA 12
7690 ns MEM 13 DATA 13
7980 ns MEM 14 DATA 14
7990 ns MEM 15 DATA 15
8480 ns MEM 0 DATA 0
9170 ns MEM 0 DATA 0
9180 ns MEM 1 DATA 1
9190 ns MEM 2 DATA 2
9200 ns MEM 3 DATA 3
9210 ns MEM 4 DATA 4
9220 ns MEM 5 DATA 5
9230 ns MEM 6 DATA 6
9240 ns MEM 7 DATA 7
9250 ns MEM 8 DATA 8
9960 ns MEM 0 DATA 0
9970 ns MEM 1 DATA 1
9980 ns MEM 2 DATA 2
9990 ns MEM 3 DATA 3
10390 ns MEM 0 DATA 0
10400 ns MEM 1 DATA 1
10410 ns MEM 2 DATA 2
10420 ns MEM 3 DATA 3
10850 ns MEM 0 DATA 0
10860 ns MEM 1 DATA 1
10870 ns MEM 2 DATA 2
10880 ns MEM 3 DATA 3
10890 ns MEM 4 DATA 4
10900 ns MEM 5 DATA 5
10910 ns MEM 6 DATA 6
10920 ns MEM 7 DATA 7
11350 ns MEM 0 DATA 0
11360 ns MEM 1 DATA 1
11370 ns MEM 2 DATA 2
11380 ns MEM 3 DATA 3
11390 ns MEM 4 DATA 4
11400 ns MEM 5 DATA 5
11410 ns MEM 6 DATA 6
11420 ns MEM 7 DATA 7
11930 ns MEM 0 DATA 0
11940 ns MEM 1 DATA 1
11950 ns MEM 2 DATA 2
11960 ns MEM 3 DATA 3
11970 ns MEM 4 DATA 4
11980 ns MEM 5 DATA 5
11990 ns MEM 6 DATA 6
12000 ns MEM 7 DATA 7
12010 ns MEM 8 DATA 8
12020 ns MEM 9 DATA 9
12030 ns MEM 10 DATA 10
12040 ns MEM 11 DATA 11
12050 ns MEM 12 DATA 12
12060 ns MEM 13 DATA 13
12070 ns MEM 14 DATA 14
12080 ns MEM 15 DATA 15
12590 ns MEM 0 DATA 0
12600 ns MEM 1 DATA 1
12610 ns MEM 2 DATA 2
12620 ns MEM 3 DATA 3
12630 ns MEM 4 DATA 4
12640 ns MEM 5 DATA 5
12650 ns MEM 6 DATA 6
12660 ns MEM 7 DATA 7
12670 ns MEM 8 DATA 8
12680 ns MEM 9 DATA 9
12690 ns MEM 10 DATA 10
12700 ns MEM 11 DATA 11
12710 ns MEM 12 DATA 12
12720 ns MEM 13 DATA 13
12730 ns MEM 14 DATA 14
12740 ns MEM 15 DATA 15
13100 ns MEM 0 DATA 0
