380 ns MEM 0 DATA 0
780 ns MEM 0 DATA 0
790 ns MEM 1 DATA 1
800 ns MEM 2 DATA 2
810 ns MEM 3 DATA 3
1250 ns MEM 0 DATA 0
1260 ns MEM 1 DATA 1
1270 ns MEM 2 DATA 2
1280 ns MEM 3 DATA 3
1760 ns MEM 0 DATA 0
1770 ns MEM 1 DATA 1
1780 ns MEM 2 DATA 2
1790 ns MEM 3 DATA 3
1800 ns MEM 4 DATA 4
1810 ns MEM 5 DATA 5
1820 ns MEM 6 DATA 6
1830 ns MEM 7 DATA 7
2290 ns MEM 0 DATA 0
2300 ns MEM 1 DATA 1
2310 ns MEM 2 DATA 2
2320 ns MEM 3 DATA 3
2330 ns MEM 4 DATA 4
2340 ns MEM 5 DATA 5
2350 ns MEM 6 DATA 6
2360 ns MEM 7 DATA 7
2940 ns MEM 0 DATA 0
2950 ns MEM 1 DATA 1
2960 ns MEM 2 DATA 2
2970 ns MEM 3 DATA 3
2980 ns MEM 4 DATA 4
2990 ns MEM 5 DATA 5
3000 ns MEM 6 DATA 6
3010 ns MEM 7 DATA 7
3020 ns MEM 8 DATA 8
3030 ns MEM 9 DATA 9
3040 ns MEM 10 DATA 10
3050 ns MEM 11 DATA 11
3060 ns MEM 12 DATA 12
3070 ns MEM 13 DATA 13
3080 ns MEM 14 DATA 14
3090 ns MEM 15 DATA 15
3660 ns MEM 0 DATA 0
3670 ns MEM 1 DATA 1
3680 ns MEM 2 DATA 2
3690 ns MEM 3 DATA 3
3700 ns MEM 4 DATA 4
3710 ns MEM 5 DATA 5
3720 ns MEM 6 DATA 6
3730 ns MEM 7 DATA 7
3740 ns MEM 8 DATA 8
3750 ns MEM 9 DATA 9
3760 ns MEM 10 DATA 10
3770 ns MEM 11 DATA 11
3780 ns MEM 12 DATA 12
3790 ns MEM 13 DATA 13
3800 ns MEM 14 DATA 14
3810 ns MEM 15 DATA 15
4220 ns MEM 0 DATA 0
4720 ns MEM 0 DATA 0
4730 ns MEM 1 DATA 1
4740 ns MEM 2 DATA 2
4750 ns MEM 3 DATA 3
4760 ns MEM 4 DATA 4
4770 ns MEM 5 DATA 5
4780 ns MEM 6 DATA 6
4790 ns MEM 7 DATA 7
4800 ns MEM 8 DATA 8
5240 ns MEM 0 DATA 0
5250 ns MEM 1 DATA 1
5260 ns MEM 2 DATA 2
5270 ns MEM 3 DATA 3
5670 ns MEM 0 DATA 0
5680 ns MEM 1 DATA 1
5690 ns MEM 2 DATA 2
5700 ns MEM 3 DATA 3
6180 ns MEM 0 DATA 0
6190 ns MEM 1 DATA 1
6200 ns MEM 2 DATA 2
6210 ns MEM 3 DATA 3
6220 ns MEM 4 DATA 4
6230 ns MEM 5 DATA 5
6240 ns MEM 6 DATA 6
6250 ns MEM 7 DATA 7
6730 ns MEM 0 DATA 0
6740 ns MEM 1 DATA 1
6750 ns MEM 2 DATA 2
6760 ns MEM 3 DATA 3
6770 ns MEM 4 DATA 4
6780 ns MEM 5 DATA 5
6790 ns MEM 6 DATA 6
6800 ns MEM 7 DATA 7
7340 ns MEM 0 DATA 0
7350 ns MEM 1 DATA 1
7360 ns MEM 2 DATA 2
7370 ns MEM 3 DATA 3
7380 ns MEM 4 DATA 4
7390 ns MEM 5 DATA 5
7400 ns MEM 6 DATA 6
7410 ns MEM 7 DATA 7
7420 ns MEM 8 DATA 8
7430 ns MEM 9 DATA 9
7440 ns MEM 10 DATA 10
7450 ns MEM 11 DATA 11
7460 ns MEM 12 DATA 12
7470 ns MEM 13 DATA 13
7480 ns MEM 14 DATA 14
7490 ns MEM 15 DATA 15
8050 ns MEM 0 DATA 0
8060 ns MEM 1 DATA 1
8070 ns MEM 2 DATA 2
8080 ns MEM 3 DATA 3
8090 ns MEM 4 DATA 4
8100 ns MEM 5 DATA 5
8110 ns MEM 6 DATA 6
8120 ns MEM 7 DATA 7
8130 ns MEM 8 DATA 8
8140 ns MEM 9 DATA 9
8150 ns MEM 10 DATA 10
8160 ns MEM 11 DATA 11
8170 ns MEM 12 DATA 12
8180 ns MEM 13 DATA 13
8190 ns MEM 14 DATA 14
8200 ns MEM 15 DATA 15
8610 ns MEM 0 DATA 0
