350 ns MEM 0 DATA 0
750 ns MEM 0 DATA 0
760 ns MEM 1 DATA 1
850 ns MEM 2 DATA 2
960 ns MEM 3 DATA 3
1360 ns MEM 0 DATA 0
1370 ns MEM 1 DATA 1
1380 ns MEM 2 DATA 2
1390 ns MEM 3 DATA 3
1830 ns MEM 0 DATA 0
1840 ns MEM 1 DATA 1
1850 ns MEM 2 DATA 2
1890 ns MEM 3 DATA 3
1900 ns MEM 4 DATA 4
1910 ns MEM 5 DATA 5
1920 ns MEM 6 DATA 6
1930 ns MEM 7 DATA 7
2360 ns MEM 0 DATA 0
2370 ns MEM 1 DATA 1
2380 ns MEM 2 DATA 2
2420 ns MEM 3 DATA 3
2430 ns MEM 4 DATA 4
2440 ns MEM 5 DATA 5
2450 ns MEM 6 DATA 6
2460 ns MEM 7 DATA 7
3290 ns MEM 0 DATA 0
3300 ns MEM 1 DATA 1
3510 ns MEM 2 DATA 2
3520 ns MEM 3 DATA 3
3530 ns MEM 4 DATA 4
3570 ns MEM 5 DATA 5
3580 ns MEM 6 DATA 6
3590 ns MEM 7 DATA 7
3630 ns MEM 8 DATA 8
3640 ns MEM 9 DATA 9
3810 ns MEM 10 DATA 10
3920 ns MEM 11 DATA 11
3930 ns MEM 12 DATA 12
3940 ns MEM 13 DATA 13
3950 ns MEM 14 DATA 14
3960 ns MEM 15 DATA 15
4570 ns MEM 0 DATA 0
4580 ns MEM 1 DATA 1
4590 ns MEM 2 DATA 2
4630 ns MEM 3 DATA 3
4640 ns MEM 4 DATA 4
4650 ns MEM 5 DATA 5
4690 ns MEM 6 DATA 6
4700 ns MEM 7 DATA 7
4800 ns MEM 8 DATA 8
4810 ns MEM 9 DATA 9
4820 ns MEM 10 DATA 10
4860 ns MEM 11 DATA 11
4870 ns MEM 12 DATA 12
4880 ns MEM 13 DATA 13
4890 ns MEM 14 DATA 14
4900 ns MEM 15 DATA 15
5270 ns MEM 0 DATA 0
5740 ns MEM 0 DATA 0
5750 ns MEM 1 DATA 1
5760 ns MEM 2 DATA 2
5800 ns MEM 3 DATA 3
5810 ns MEM 4 DATA 4
5820 ns MEM 5 DATA 5
5860 ns MEM 6 DATA 6
5870 ns MEM 7 DATA 7
5880 ns MEM 8 DATA 8
6260 ns MEM 0 DATA 0
6270 ns MEM 1 DATA 1
6280 ns MEM 2 DATA 2
6290 ns MEM 3 DATA 3
6800 ns MEM 0 DATA 0
6810 ns MEM 1 DATA 1
6820 ns MEM 2 DATA 2
6830 ns MEM 3 DATA 3
7490 ns MEM 0 DATA 0
7500 ns MEM 1 DATA 1
7510 ns MEM 2 DATA 2
7550 ns MEM 3 DATA 3
7560 ns MEM 4 DATA 4
7570 ns MEM 5 DATA 5
7580 ns MEM 6 DATA 6
7590 ns MEM 7 DATA 7
8200 ns MEM 0 DATA 0
8210 ns MEM 1 DATA 1
8220 ns MEM 2 DATA 2
8260 ns MEM 3 DATA 3
8270 ns MEM 4 DATA 4
8280 ns MEM 5 DATA 5
8290 ns MEM 6 DATA 6
8300 ns MEM 7 DATA 7
8900 ns MEM 0 DATA 0
8910 ns MEM 1 DATA 1
8920 ns MEM 2 DATA 2
8960 ns MEM 3 DATA 3
8970 ns MEM 4 DATA 4
8980 ns MEM 5 DATA 5
9020 ns MEM 6 DATA 6
9030 ns MEM 7 DATA 7
9040 ns MEM 8 DATA 8
9080 ns MEM 9 DATA 9
9090 ns MEM 10 DATA 10
9100 ns MEM 11 DATA 11
9140 ns MEM 12 DATA 12
9150 ns MEM 13 DATA 13
9160 ns MEM 14 DATA 14
9170 ns MEM 15 DATA 15
9690 ns MEM 0 DATA 0
9700 ns MEM 1 DATA 1
9710 ns MEM 2 DATA 2
9750 ns MEM 3 DATA 3
9760 ns MEM 4 DATA 4
9770 ns MEM 5 DATA 5
9810 ns MEM 6 DATA 6
9820 ns MEM 7 DATA 7
9830 ns MEM 8 DATA 8
9870 ns MEM 9 DATA 9
9880 ns MEM 10 DATA 10
9890 ns MEM 11 DATA 11
9930 ns MEM 12 DATA 12
9940 ns MEM 13 DATA 13
9950 ns MEM 14 DATA 14
9960 ns MEM 15 DATA 15
10330 ns MEM 0 DATA 0
