160 ns MEM 64 DATA 0
170 ns MEM 0 DATA 0
180 ns MEM 32 DATA 0
530 ns MEM 65 DATA 0
540 ns MEM 66 DATA 1
550 ns MEM 67 DATA 2
560 ns MEM 64 DATA 3
570 ns MEM 33 DATA 0
580 ns MEM 34 DATA 1
590 ns MEM 35 DATA 2
600 ns MEM 32 DATA 3
610 ns MEM 1 DATA 0
620 ns MEM 2 DATA 1
630 ns MEM 3 DATA 2
640 ns MEM 0 DATA 3
1010 ns MEM 2 DATA 0
1020 ns MEM 34 DATA 0
1030 ns MEM 35 DATA 1
1040 ns MEM 36 DATA 2
1050 ns MEM 37 DATA 3
1060 ns MEM 3 DATA 1
1070 ns MEM 4 DATA 2
1080 ns MEM 5 DATA 3
1140 ns MEM 66 DATA 0
1150 ns MEM 67 DATA 1
1160 ns MEM 68 DATA 2
1170 ns MEM 69 DATA 3
1480 ns MEM 3 DATA 0
1490 ns MEM 35 DATA 0
1500 ns MEM 36 DATA 1
1510 ns MEM 37 DATA 2
1520 ns MEM 38 DATA 3
1530 ns MEM 39 DATA 4
1540 ns MEM 32 DATA 5
1550 ns MEM 33 DATA 6
1560 ns MEM 34 DATA 7
1570 ns MEM 67 DATA 0
1580 ns MEM 68 DATA 1
1590 ns MEM 69 DATA 2
1600 ns MEM 70 DATA 3
1610 ns MEM 71 DATA 4
1620 ns MEM 64 DATA 5
1630 ns MEM 65 DATA 6
1640 ns MEM 66 DATA 7
1650 ns MEM 4 DATA 1
1660 ns MEM 5 DATA 2
1670 ns MEM 6 DATA 3
1680 ns MEM 7 DATA 4
1930 ns MEM 0 DATA 5
1940 ns MEM 1 DATA 6
1950 ns MEM 2 DATA 7
2040 ns MEM 36 DATA 0
2050 ns MEM 37 DATA 1
2060 ns MEM 38 DATA 2
2070 ns MEM 39 DATA 3
2080 ns MEM 40 DATA 4
2090 ns MEM 41 DATA 5
2100 ns MEM 42 DATA 6
2110 ns MEM 43 DATA 7
2120 ns MEM 68 DATA 0
2130 ns MEM 69 DATA 1
2140 ns MEM 70 DATA 2
2150 ns MEM 71 DATA 3
2160 ns MEM 72 DATA 4
2170 ns MEM 73 DATA 5
2180 ns MEM 74 DATA 6
2190 ns MEM 75 DATA 7
2590 ns MEM 37 DATA 0
2600 ns MEM 38 DATA 1
2610 ns MEM 39 DATA 2
2620 ns MEM 40 DATA 3
2630 ns MEM 41 DATA 4
2640 ns MEM 42 DATA 5
2650 ns MEM 43 DATA 6
2660 ns MEM 44 DATA 7
2670 ns MEM 45 DATA 8
2680 ns MEM 46 DATA 9
2690 ns MEM 47 DATA 10
2700 ns MEM 32 DATA 11
2710 ns MEM 33 DATA 12
2720 ns MEM 34 DATA 13
2730 ns MEM 35 DATA 14
2740 ns MEM 36 DATA 15
2750 ns MEM 69 DATA 0
2760 ns MEM 70 DATA 1
2770 ns MEM 71 DATA 2
2780 ns MEM 72 DATA 3
2790 ns MEM 73 DATA 4
2800 ns MEM 74 DATA 5
2810 ns MEM 75 DATA 6
2820 ns MEM 76 DATA 7
2830 ns MEM 77 DATA 8
2840 ns MEM 78 DATA 9
2850 ns MEM 79 DATA 10
2860 ns MEM 64 DATA 11
2870 ns MEM 65 DATA 12
3080 ns MEM 66 DATA 13
3090 ns MEM 67 DATA 14
3100 ns MEM 68 DATA 15
3300 ns MEM 38 DATA 0
3310 ns MEM 39 DATA 1
3320 ns MEM 40 DATA 2
3330 ns MEM 41 DATA 3
3340 ns MEM 42 DATA 4
3350 ns MEM 43 DATA 5
3360 ns MEM 44 DATA 6
3370 ns MEM 45 DATA 7
3380 ns MEM 46 DATA 8
3390 ns MEM 47 DATA 9
3400 ns MEM 48 DATA 10
3410 ns MEM 49 DATA 11
3420 ns MEM 50 DATA 12
3430 ns MEM 51 DATA 13
3440 ns MEM 52 DATA 14
3450 ns MEM 53 DATA 15
3820 ns MEM 4 DATA 0
3830 ns MEM 5 DATA 1
3840 ns MEM 6 DATA 2
3850 ns MEM 7 DATA 3
3860 ns MEM 8 DATA 4
3960 ns MEM 9 DATA 5
3970 ns MEM 10 DATA 6
3980 ns MEM 11 DATA 7
4020 ns MEM 39 DATA 0
4140 ns MEM 70 DATA 0
4150 ns MEM 71 DATA 1
4220 ns MEM 72 DATA 2
4230 ns MEM 73 DATA 3
4240 ns MEM 74 DATA 4
4250 ns MEM 75 DATA 5
4260 ns MEM 76 DATA 6
4270 ns MEM 77 DATA 7
4280 ns MEM 78 DATA 8
4290 ns MEM 79 DATA 9
4300 ns MEM 80 DATA 10
4310 ns MEM 81 DATA 11
4320 ns MEM 82 DATA 12
4330 ns MEM 83 DATA 13
4340 ns MEM 84 DATA 14
4350 ns MEM 85 DATA 15
4430 ns MEM 40 DATA 0
4440 ns MEM 41 DATA 1
4450 ns MEM 42 DATA 2
4460 ns MEM 43 DATA 3
4470 ns MEM 44 DATA 4
4480 ns MEM 45 DATA 5
4490 ns MEM 46 DATA 6
4500 ns MEM 47 DATA 7
4510 ns MEM 48 DATA 8
5010 ns MEM 41 DATA 0
5020 ns MEM 42 DATA 1
5030 ns MEM 43 DATA 2
5040 ns MEM 40 DATA 3
5080 ns MEM 71 DATA 0
5120 ns MEM 5 DATA 0
5130 ns MEM 6 DATA 1
5140 ns MEM 7 DATA 2
5150 ns MEM 8 DATA 3
5160 ns MEM 9 DATA 4
5170 ns MEM 10 DATA 5
5270 ns MEM 11 DATA 6
5280 ns MEM 12 DATA 7
5290 ns MEM 13 DATA 8
5300 ns MEM 14 DATA 9
5310 ns MEM 15 DATA 10
5380 ns MEM 0 DATA 11
5390 ns MEM 1 DATA 12
5400 ns MEM 2 DATA 13
5410 ns MEM 3 DATA 14
5420 ns MEM 4 DATA 15
5430 ns MEM 72 DATA 0
5440 ns MEM 73 DATA 1
5450 ns MEM 74 DATA 2
5460 ns MEM 42 DATA 0
5470 ns MEM 43 DATA 1
5480 ns MEM 44 DATA 2
5490 ns MEM 45 DATA 3
5500 ns MEM 75 DATA 3
5510 ns MEM 76 DATA 4
5520 ns MEM 77 DATA 5
5530 ns MEM 78 DATA 6
5540 ns MEM 79 DATA 7
5550 ns MEM 80 DATA 8
5910 ns MEM 43 DATA 0
5920 ns MEM 44 DATA 1
5930 ns MEM 45 DATA 2
5940 ns MEM 46 DATA 3
5950 ns MEM 47 DATA 4
5960 ns MEM 40 DATA 5
5970 ns MEM 41 DATA 6
5980 ns MEM 42 DATA 7
6060 ns MEM 73 DATA 0
6070 ns MEM 74 DATA 1
6080 ns MEM 75 DATA 2
6090 ns MEM 72 DATA 3
6460 ns MEM 44 DATA 0
6470 ns MEM 45 DATA 1
6480 ns MEM 46 DATA 2
6490 ns MEM 47 DATA 3
6500 ns MEM 48 DATA 4
6510 ns MEM 49 DATA 5
6520 ns MEM 50 DATA 6
6530 ns MEM 51 DATA 7
6540 ns MEM 74 DATA 0
6550 ns MEM 75 DATA 1
6560 ns MEM 76 DATA 2
6570 ns MEM 77 DATA 3
6580 ns MEM 6 DATA 0
6590 ns MEM 7 DATA 1
6600 ns MEM 8 DATA 2
6610 ns MEM 9 DATA 3
6620 ns MEM 10 DATA 4
6630 ns MEM 11 DATA 5
6640 ns MEM 12 DATA 6
6650 ns MEM 13 DATA 7
6660 ns MEM 14 DATA 8
6830 ns MEM 15 DATA 9
6840 ns MEM 16 DATA 10
6850 ns MEM 17 DATA 11
6860 ns MEM 18 DATA 12
6870 ns MEM 19 DATA 13
6880 ns MEM 20 DATA 14
6890 ns MEM 21 DATA 15
7010 ns MEM 45 DATA 0
7020 ns MEM 46 DATA 1
7030 ns MEM 47 DATA 2
7040 ns MEM 32 DATA 3
7050 ns MEM 33 DATA 4
7060 ns MEM 34 DATA 5
7070 ns MEM 35 DATA 6
7080 ns MEM 36 DATA 7
7090 ns MEM 37 DATA 8
7100 ns MEM 38 DATA 9
7110 ns MEM 39 DATA 10
7120 ns MEM 40 DATA 11
7130 ns MEM 41 DATA 12
7140 ns MEM 42 DATA 13
7150 ns MEM 43 DATA 14
7160 ns MEM 44 DATA 15
7170 ns MEM 75 DATA 0
7180 ns MEM 76 DATA 1
7190 ns MEM 77 DATA 2
7200 ns MEM 78 DATA 3
7210 ns MEM 79 DATA 4
7220 ns MEM 72 DATA 5
7230 ns MEM 73 DATA 6
7240 ns MEM 74 DATA 7
7700 ns MEM 46 DATA 0
7710 ns MEM 47 DATA 1
7720 ns MEM 48 DATA 2
7730 ns MEM 49 DATA 3
7740 ns MEM 50 DATA 4
7750 ns MEM 51 DATA 5
7760 ns MEM 52 DATA 6
7770 ns MEM 53 DATA 7
7780 ns MEM 54 DATA 8
7790 ns MEM 55 DATA 9
7800 ns MEM 56 DATA 10
7810 ns MEM 57 DATA 11
7820 ns MEM 58 DATA 12
7830 ns MEM 59 DATA 13
7840 ns MEM 60 DATA 14
7850 ns MEM 61 DATA 15
7860 ns MEM 76 DATA 0
7870 ns MEM 77 DATA 1
7880 ns MEM 78 DATA 2
7890 ns MEM 79 DATA 3
7900 ns MEM 80 DATA 4
7910 ns MEM 81 DATA 5
7920 ns MEM 82 DATA 6
7930 ns MEM 83 DATA 7
8300 ns MEM 7 DATA 0
8410 ns MEM 47 DATA 0
8500 ns MEM 77 DATA 0
8510 ns MEM 78 DATA 1
8520 ns MEM 79 DATA 2
8530 ns MEM 64 DATA 3
8540 ns MEM 65 DATA 4
8610 ns MEM 66 DATA 5
8620 ns MEM 67 DATA 6
8630 ns MEM 68 DATA 7
8640 ns MEM 69 DATA 8
8650 ns MEM 70 DATA 9
8660 ns MEM 71 DATA 10
8670 ns MEM 72 DATA 11
8680 ns MEM 73 DATA 12
8690 ns MEM 74 DATA 13
8700 ns MEM 75 DATA 14
8710 ns MEM 76 DATA 15
8720 ns MEM 8 DATA 0
8730 ns MEM 9 DATA 1
8740 ns MEM 10 DATA 2
8750 ns MEM 11 DATA 3
8760 ns MEM 12 DATA 4
8770 ns MEM 13 DATA 5
8780 ns MEM 14 DATA 6
8790 ns MEM 15 DATA 7
8800 ns MEM 16 DATA 8
9350 ns MEM 78 DATA 0
9360 ns MEM 79 DATA 1
9370 ns MEM 80 DATA 2
9380 ns MEM 81 DATA 3
9390 ns MEM 82 DATA 4
9400 ns MEM 83 DATA 5
9410 ns MEM 84 DATA 6
9420 ns MEM 85 DATA 7
9430 ns MEM 86 DATA 8
9440 ns MEM 87 DATA 9
9450 ns MEM 88 DATA 10
9460 ns MEM 89 DATA 11
9470 ns MEM 90 DATA 12
9480 ns MEM 91 DATA 13
9490 ns MEM 92 DATA 14
9500 ns MEM 93 DATA 15
9510 ns MEM 9 DATA 0
9520 ns MEM 10 DATA 1
9530 ns MEM 11 DATA 2
9540 ns MEM 8 DATA 3
10140 ns MEM 79 DATA 0
10180 ns MEM 10 DATA 0
10190 ns MEM 11 DATA 1
10200 ns MEM 12 DATA 2
10210 ns MEM 13 DATA 3
10600 ns MEM 11 DATA 0
10610 ns MEM 12 DATA 1
10620 ns MEM 13 DATA 2
10630 ns MEM 14 DATA 3
10640 ns MEM 15 DATA 4
10650 ns MEM 8 DATA 5
10660 ns MEM 9 DATA 6
10670 ns MEM 10 DATA 7
11100 ns MEM 12 DATA 0
11110 ns MEM 13 DATA 1
11120 ns MEM 14 DATA 2
11130 ns MEM 15 DATA 3
11140 ns MEM 16 DATA 4
11150 ns MEM 17 DATA 5
11160 ns MEM 18 DATA 6
11170 ns MEM 19 DATA 7
11600 ns MEM 13 DATA 0
11610 ns MEM 14 DATA 1
11620 ns MEM 15 DATA 2
11630 ns MEM 0 DATA 3
11640 ns MEM 1 DATA 4
11650 ns MEM 2 DATA 5
11660 ns MEM 3 DATA 6
11670 ns MEM 4 DATA 7
11680 ns MEM 5 DATA 8
11690 ns MEM 6 DATA 9
11700 ns MEM 7 DATA 10
11710 ns MEM 8 DATA 11
11720 ns MEM 9 DATA 12
11730 ns MEM 10 DATA 13
11740 ns MEM 11 DATA 14
11750 ns MEM 12 DATA 15
12260 ns MEM 14 DATA 0
12270 ns MEM 15 DATA 1
12280 ns MEM 16 DATA 2
12290 ns MEM 17 DATA 3
12300 ns MEM 18 DATA 4
12310 ns MEM 19 DATA 5
12320 ns MEM 20 DATA 6
12330 ns MEM 21 DATA 7
12340 ns MEM 22 DATA 8
12350 ns MEM 23 DATA 9
12360 ns MEM 24 DATA 10
12370 ns MEM 25 DATA 11
12380 ns MEM 26 DATA 12
12390 ns MEM 27 DATA 13
12400 ns MEM 28 DATA 14
12410 ns MEM 29 DATA 15
12920 ns MEM 15 DATA 0
